          40           6           6  0.10000000000000001        0.0000000000000000                6           0
   0.0000000000000000       winds/v00320
 cpu =   1.59970000E-02
    1   210   0.0000000000
  210     0    76   1.0000000000
   0.0000000000000000       winds/v00321
 t =   4.16666666666666644E-002  npt =          192
 t =   8.33333333333333287E-002  npt =          185
 t =   0.12499999999999999       npt =          184
 t =   0.16666666666666666       npt =          188
 t =   0.20833333333333334       npt =          192
 t =   0.25000000000000000       npt =          202
 cpu =   3.99929993E-02
    1   202   0.2500000000
  202     0    76   1.0000000000
  0.25000000000000000       winds/v00322
 t =   0.29166666666666663       npt =          202
 t =   0.33333333333333326       npt =          202
 t =   0.37499999999999989       npt =          206
 t =   0.41666666666666652       npt =          205
 t =   0.45833333333333315       npt =          207
 t =   0.49999999999999978       npt =          204
 cpu =   6.29900023E-02
    1   204   0.5000000000
  204     0    76   1.0000000000
  0.49999999999999978       winds/v00323
 t =   0.54166666666666652       npt =          207
 t =   0.58333333333333326       npt =          203
 t =   0.62500000000000000       npt =          206
 t =   0.66666666666666674       npt =          209
 t =   0.70833333333333348       npt =          209
 t =   0.75000000000000022       npt =          203
 cpu =   8.69859979E-02
    1   203   0.7500000000
  203     0    76   1.0000000000
  0.75000000000000022       winds/v00324
 t =   0.79166666666666696       npt =          206
 t =   0.83333333333333370       npt =          199
 t =   0.87500000000000044       npt =          202
 t =   0.91666666666666718       npt =          196
 t =   0.95833333333333393       npt =          201
 t =    1.0000000000000007       npt =          200
 cpu =   0.11198200    
    1   200   1.0000000000
  200     0    76   1.0000000000
   1.0000000000000007       winds/v00325
 t =    1.0416666666666672       npt =          200
 t =    1.0833333333333337       npt =          201
 t =    1.1250000000000002       npt =          219
 t =    1.1666666666666667       npt =          217
 t =    1.2083333333333333       npt =          220
 t =    1.2499999999999998       npt =          222
 cpu =   0.13597900    
    1   222   1.2500000000
  222     0    76   1.0000000000
   1.2499999999999998       winds/v00326
 t =    1.2916666666666663       npt =          228
 t =    1.3333333333333328       npt =          234
 t =    1.3749999999999993       npt =          234
 t =    1.4166666666666659       npt =          244
 t =    1.4583333333333324       npt =          248
 t =    1.4999999999999989       npt =          255
 cpu =   0.15997501    
    1   255   1.5000000000
  255     0    76   1.0000000000
   1.4999999999999989       winds/v00327
 t =    1.5416666666666654       npt =          257
 t =    1.5833333333333319       npt =          263
 t =    1.6249999999999984       npt =          267
 t =    1.6666666666666650       npt =          274
 t =    1.7083333333333315       npt =          277
 t =    1.7499999999999980       npt =          283
 cpu =   0.18097199    
    1   283   1.7500000000
  283     0    76   1.0000000000
   1.7499999999999980       winds/v00328
 t =    1.7916666666666645       npt =          287
 t =    1.8333333333333310       npt =          299
 t =    1.8749999999999976       npt =          297
 t =    1.9166666666666641       npt =          303
 t =    1.9583333333333306       npt =          306
 t =    1.9999999999999971       npt =          312
 cpu =   0.20796800    
    1   312   2.0000000000
  312     0    76   1.0000000000
   1.9999999999999971       winds/v00329
 t =    2.0416666666666639       npt =          320
 t =    2.0833333333333308       npt =          333
 t =    2.1249999999999978       npt =          336
 t =    2.1666666666666647       npt =          341
 t =    2.2083333333333317       npt =          346
 t =    2.2499999999999987       npt =          356
 cpu =   0.23196401    
    1   356   2.2500000000
  356     0    76   1.0000000000
   2.2499999999999987       winds/v00330
 t =    2.2916666666666656       npt =          356
 t =    2.3333333333333326       npt =          365
 t =    2.3749999999999996       npt =          378
 t =    2.4166666666666665       npt =          386
 t =    2.4583333333333335       npt =          390
 t =    2.5000000000000004       npt =          403
 cpu =   0.25795999    
    1   403   2.5000000000
  403     0    76   1.0000000000
   2.5000000000000004       winds/v00331
 t =    2.5416666666666674       npt =          410
 t =    2.5833333333333344       npt =          424
 t =    2.6250000000000013       npt =          428
 t =    2.6666666666666683       npt =          437
 t =    2.7083333333333353       npt =          434
 t =    2.7500000000000022       npt =          437
 cpu =   0.28095701    
    1   437   2.7500000000
  437     0    76   1.0000000000
   2.7500000000000022       winds/v00332
 t =    2.7916666666666692       npt =          441
 t =    2.8333333333333361       npt =          454
 t =    2.8750000000000031       npt =          464
 t =    2.9166666666666701       npt =          477
 t =    2.9583333333333370       npt =          488
 t =    3.0000000000000040       npt =          500
 cpu =   0.30695301    
    1   500   3.0000000000
  500     0    76   1.0000000000
   3.0000000000000040       winds/v00333
 t =    3.0416666666666710       npt =          508
 t =    3.0833333333333379       npt =          525
 t =    3.1250000000000049       npt =          537
 t =    3.1666666666666718       npt =          544
 t =    3.2083333333333388       npt =          553
 t =    3.2500000000000058       npt =          562
 cpu =   0.33294901    
    1   562   3.2500000000
  562     0    76   1.0000000000
   3.2500000000000058       winds/v00334
 t =    3.2916666666666727       npt =          566
 t =    3.3333333333333397       npt =          575
 t =    3.3750000000000067       npt =          577
 t =    3.4166666666666736       npt =          587
 t =    3.4583333333333406       npt =          597
 t =    3.5000000000000075       npt =          610
 cpu =   0.35994500    
    1   610   3.5000000000
  610     0    76   1.0000000000
   3.5000000000000075       winds/v00335
 t =    3.5416666666666745       npt =          623
 t =    3.5833333333333415       npt =          633
 t =    3.6250000000000084       npt =          644
 t =    3.6666666666666754       npt =          651
 t =    3.7083333333333424       npt =          663
 t =    3.7500000000000093       npt =          674
 cpu =   0.38794100    
    1   674   3.7500000000
  674     0    76   1.0000000000
   3.7500000000000093       winds/v00336
 t =    3.7916666666666763       npt =          686
 t =    3.8333333333333433       npt =          702
 t =    3.8750000000000102       npt =          715
 t =    3.9166666666666772       npt =          723
 t =    3.9583333333333441       npt =          738
 t =    4.0000000000000107       npt =          754
 cpu =   0.41493601    
    1   754   4.0000000000
  754     0    76   1.0000000000
   4.0000000000000107       winds/v00337
 t =    4.0416666666666767       npt =          771
 t =    4.0833333333333428       npt =          790
 t =    4.1250000000000089       npt =          815
 t =    4.1666666666666750       npt =          843
 t =    4.2083333333333410       npt =          880
 t =    4.2500000000000071       npt =          930
 cpu =   0.44693199    
    1   930   4.2500000000
  930     0    76   1.0000000000
   4.2500000000000071       winds/v00338
 t =    4.2916666666666732       npt =          970
 t =    4.3333333333333393       npt =          996
 t =    4.3750000000000053       npt =         1013
 t =    4.4166666666666714       npt =         1034
 t =    4.4583333333333375       npt =         1059
 t =    4.5000000000000036       npt =         1082
 cpu =   0.47792700    
    1  1082   4.5000000000
 1082     0    76   1.0000000000
   4.5000000000000036       winds/v00339
 t =    4.5416666666666696       npt =         1100
 t =    4.5833333333333357       npt =         1118
 t =    4.6250000000000018       npt =         1136
 t =    4.6666666666666679       npt =         1148
 t =    4.7083333333333339       npt =         1158
 t =    4.7500000000000000       npt =         1172
 cpu =   0.50792199    
    1  1172   4.7500000000
 1172     0    76   1.0000000000
   4.7500000000000000       winds/v00340
 t =    4.7916666666666661       npt =         1187
 t =    4.8333333333333321       npt =         1213
 t =    4.8749999999999982       npt =         1242
 t =    4.9166666666666643       npt =         1257
 t =    4.9583333333333304       npt =         1274
 t =    4.9999999999999964       npt =         1295
 cpu =   0.53991699    
    1  1295   5.0000000000
 1295     0    76   1.0000000000
   4.9999999999999964       winds/v00341
 t =    5.0416666666666625       npt =         1320
 t =    5.0833333333333286       npt =         1345
 t =    5.1249999999999947       npt =         1362
 t =    5.1666666666666607       npt =         1384
 t =    5.2083333333333268       npt =         1402
 t =    5.2499999999999929       npt =         1430
 cpu =   0.57491201    
    1  1430   5.2500000000
 1430     0    76   1.0000000000
   5.2499999999999929       winds/v00342
 t =    5.2916666666666590       npt =         1452
 t =    5.3333333333333250       npt =         1487
 t =    5.3749999999999911       npt =         1497
 t =    5.4166666666666572       npt =         1536
 t =    5.4583333333333233       npt =         1533
 t =    5.4999999999999893       npt =         1538
 cpu =   0.60790700    
    1  1538   5.5000000000
 1538     0    76   1.0000000000
   5.4999999999999893       winds/v00343
 t =    5.5416666666666554       npt =         1556
 t =    5.5833333333333215       npt =         1566
 t =    5.6249999999999876       npt =         1582
 t =    5.6666666666666536       npt =         1593
 t =    5.7083333333333197       npt =         1610
 t =    5.7499999999999858       npt =         1629
 cpu =   0.64390200    
    1  1629   5.7500000000
 1629     0    76   1.0000000000
   5.7499999999999858       winds/v00344
 t =    5.7916666666666519       npt =         1657
 t =    5.8333333333333179       npt =         1682
 t =    5.8749999999999840       npt =         1701
 t =    5.9166666666666501       npt =         1728
 t =    5.9583333333333162       npt =         1751
 t =    5.9999999999999822       npt =         1784
 cpu =   0.67889601    
    1  1784   6.0000000000
 1784     0    76   1.0000000000
   5.9999999999999822       winds/v00345
 t =    6.0416666666666483       npt =         1795
 t =    6.0833333333333144       npt =         1809
 t =    6.1249999999999805       npt =         1817
 t =    6.1666666666666465       npt =         1838
 t =    6.2083333333333126       npt =         1860
 t =    6.2499999999999787       npt =         1878
 cpu =   0.71789002    
    1  1878   6.2500000000
 1878     0    76   1.0000000000
   6.2499999999999787       winds/v00346
 t =    6.2916666666666448       npt =         1887
 t =    6.3333333333333108       npt =         1895
 t =    6.3749999999999769       npt =         1905
 t =    6.4166666666666430       npt =         1908
 t =    6.4583333333333091       npt =         1912
 t =    6.4999999999999751       npt =         1921
 cpu =   0.75388497    
    1  1921   6.5000000000
 1921     0    76   1.0000000000
   6.4999999999999751       winds/v00347
 t =    6.5416666666666412       npt =         1958
 t =    6.5833333333333073       npt =         1998
 t =    6.6249999999999734       npt =         2039
 t =    6.6666666666666394       npt =         2070
 t =    6.7083333333333055       npt =         2099
 t =    6.7499999999999716       npt =         2130
 cpu =   0.79287899    
    1  2130   6.7500000000
 2130     0    76   1.0000000000
   6.7499999999999716       winds/v00348
 t =    6.7916666666666377       npt =         2152
 t =    6.8333333333333037       npt =         2181
 t =    6.8749999999999698       npt =         2206
 t =    6.9166666666666359       npt =         2234
 t =    6.9583333333333020       npt =         2256
 t =    6.9999999999999680       npt =         2268
 cpu =   0.83487302    
    1  2268   7.0000000000
 2268     0    76   1.0000000000
   6.9999999999999680       winds/v00349
 t =    7.0416666666666341       npt =         2278
 t =    7.0833333333333002       npt =         2292
 t =    7.1249999999999662       npt =         2324
 t =    7.1666666666666323       npt =         2350
 t =    7.2083333333332984       npt =         2374
 t =    7.2499999999999645       npt =         2393
 cpu =   0.87386698    
    1  2393   7.2500000000
 2393     0    76   1.0000000000
   7.2499999999999645       winds/v00350
 t =    7.2916666666666305       npt =         2407
 t =    7.3333333333332966       npt =         2412
 t =    7.3749999999999627       npt =         2412
 t =    7.4166666666666288       npt =         2414
 t =    7.4583333333332948       npt =         2442
 t =    7.4999999999999609       npt =         2478
 cpu =   0.92085999    
    1  2478   7.5000000000
 2478     0    76   1.0000000000
   7.4999999999999609       winds/v00351
 t =    7.5416666666666270       npt =         2525
 t =    7.5833333333332931       npt =         2563
 t =    7.6249999999999591       npt =         2586
 t =    7.6666666666666252       npt =         2602
 t =    7.7083333333332913       npt =         2643
 t =    7.7499999999999574       npt =         2700
 cpu =   0.96485299    
    1  2700   7.7500000000
 2700     0    76   1.0000000000
   7.7499999999999574       winds/v00352
 t =    7.7916666666666234       npt =         2769
 t =    7.8333333333332895       npt =         2830
 t =    7.8749999999999556       npt =         2876
 t =    7.9166666666666217       npt =         2929
 t =    7.9583333333332877       npt =         2966
 t =    7.9999999999999538       npt =         3032
 cpu =    1.0098460    
    1  3032   8.0000000000
 3032     0    76   1.0000000000
   7.9999999999999538       winds/v00353
 t =    8.0416666666666217       npt =         3089
 t =    8.0833333333332895       npt =         3147
 t =    8.1249999999999574       npt =         3171
 t =    8.1666666666666252       npt =         3196
 t =    8.2083333333332931       npt =         3204
 t =    8.2499999999999609       npt =         3227
 cpu =    1.0558389    
    1  3227   8.2500000000
 3227     0    76   1.0000000000
   8.2499999999999609       winds/v00354
 t =    8.2916666666666288       npt =         3268
 t =    8.3333333333332966       npt =         3280
 t =    8.3749999999999645       npt =         3321
 t =    8.4166666666666323       npt =         3385
 t =    8.4583333333333002       npt =         3456
 t =    8.4999999999999680       npt =         3528
 cpu =    1.1058310    
    1  3528   8.5000000000
 3528     0    76   1.0000000000
   8.4999999999999680       winds/v00355
 t =    8.5416666666666359       npt =         3590
 t =    8.5833333333333037       npt =         3638
 t =    8.6249999999999716       npt =         3687
 t =    8.6666666666666394       npt =         3733
 t =    8.7083333333333073       npt =         3780
 t =    8.7499999999999751       npt =         3819
 cpu =    1.1578230    
    1  3819   8.7500000000
 3819     0    76   1.0000000000
   8.7499999999999751       winds/v00356
 t =    8.7916666666666430       npt =         3845
 t =    8.8333333333333108       npt =         3867
 t =    8.8749999999999787       npt =         3908
 t =    8.9166666666666465       npt =         3962
 t =    8.9583333333333144       npt =         4025
 t =    8.9999999999999822       npt =         4093
 cpu =    1.2098160    
    1  4093   9.0000000000
 4093     0    76   1.0000000000
   8.9999999999999822       winds/v00357
 t =    9.0416666666666501       npt =         4193
 t =    9.0833333333333179       npt =         4302
 t =    9.1249999999999858       npt =         4390
 t =    9.1666666666666536       npt =         4445
 t =    9.2083333333333215       npt =         4496
 t =    9.2499999999999893       npt =         4509
 cpu =    1.2698060    
    1  4509   9.2500000000
 4509     0    76   1.0000000000
   9.2499999999999893       winds/v00358
 t =    9.2916666666666572       npt =         4513
 t =    9.3333333333333250       npt =         4504
 t =    9.3749999999999929       npt =         4526
 t =    9.4166666666666607       npt =         4568
 t =    9.4583333333333286       npt =         4582
 t =    9.4999999999999964       npt =         4597
 cpu =    1.3297970    
    1  4597   9.5000000000
 4597     0    76   1.0000000000
   9.4999999999999964       winds/v00359
 t =    9.5416666666666643       npt =         4674
 t =    9.5833333333333321       npt =         4777
 t =    9.6250000000000000       npt =         4866
 t =    9.6666666666666679       npt =         4926
 t =    9.7083333333333357       npt =         4968
 t =    9.7500000000000036       npt =         5006
 cpu =    1.3937880    
    1  5006   9.7500000000
 5006     0    76   1.0000000000
   9.7500000000000036       winds/v00360
 t =    9.7916666666666714       npt =         5074
 t =    9.8333333333333393       npt =         5129
 t =    9.8750000000000071       npt =         5173
 t =    9.9166666666666750       npt =         5169
 t =    9.9583333333333428       npt =         5169
 t =    10.000000000000011       npt =         5168
 cpu =    1.4587780    
    1  5168  10.0000000000
 5168     0    76   1.0000000000
